<?xml version="1.0" encoding="UTF-8"?>
<testsuite xmlns:xsi="http://www.w3.org/2001/XMLSchema-instance" xsi:noNamespaceSchemaLocation="https://maven.apache.org/surefire/maven-surefire-plugin/xsd/surefire-test-report-3.0.xsd" version="3.0" name="com.sale.model.tests.TestSale" time="0.051" tests="2" errors="0" skipped="0" failures="0">
  <properties>
[...]
</properties>
  <testcase name="testNaoPermiteParcelasIgualOuInferiorA20" classname="com.sale.model.tests.TestSale" time="0.03"/>
  <testcase name="testNaoPermiteRegistrarPagamentoCarrinhoVazio" classname="com.sale.model.tests.TestSale" time="0.002"/>
</testsuite>